[debug] [2017-12-13T20:18:02.343Z] ----------------------------------------------------------------------
[debug] [2017-12-13T20:18:02.347Z] Command:       /usr/bin/nodejs /usr/bin/firebase deploy
[debug] [2017-12-13T20:18:02.347Z] CLI Version:   3.12.0
[debug] [2017-12-13T20:18:02.348Z] Platform:      linux
[debug] [2017-12-13T20:18:02.348Z] Node Version:  v6.10.3
[debug] [2017-12-13T20:18:02.348Z] Time:          Thu Dec 14 2017 01:48:02 GMT+0530 (IST)
[debug] [2017-12-13T20:18:02.348Z] ----------------------------------------------------------------------
[debug] 
[debug] [2017-12-13T20:18:02.364Z] > command requires scopes: ["email","openid","https://www.googleapis.com/auth/cloudplatformprojects.readonly","https://www.googleapis.com/auth/firebase","https://www.googleapis.com/auth/cloud-platform"]
[debug] [2017-12-13T20:18:02.365Z] > authorizing via signed-in user
[debug] [2017-12-13T20:18:02.368Z] > refreshing access token with scopes: ["email","https://www.googleapis.com/auth/cloud-platform","https://www.googleapis.com/auth/cloudplatformprojects.readonly","https://www.googleapis.com/auth/firebase","openid"]
[debug] [2017-12-13T20:18:02.368Z] >>> HTTP REQUEST POST https://www.googleapis.com/oauth2/v3/token { refresh_token: '1/4V9m_NNVuei6LoyVAnEKJSRkODybheGnyNr8ApsXIbY',
  client_id: '563584335869-fgrhgmd47bqnekij5i8b5pr03ho849e6.apps.googleusercontent.com',
  client_secret: 'j9iVZfS8kkCEFUPaAeJV0sAi',
  grant_type: 'refresh_token',
  scope: 'email https://www.googleapis.com/auth/cloud-platform https://www.googleapis.com/auth/cloudplatformprojects.readonly https://www.googleapis.com/auth/firebase openid' } 
 Thu Dec 14 2017 01:48:02 GMT+0530 (IST)
[debug] [2017-12-13T20:18:02.837Z] <<< HTTP RESPONSE 200
[debug] [2017-12-13T20:18:02.940Z] >>> HTTP REQUEST GET https://admin.firebase.com/v1/projects/everynote-1e6a4  
 Thu Dec 14 2017 01:48:02 GMT+0530 (IST)
[debug] [2017-12-13T20:18:04.518Z] <<< HTTP RESPONSE 200
[debug] [2017-12-13T20:18:04.519Z] >>> HTTP REQUEST GET https://admin.firebase.com/v1/database/everynote-1e6a4/tokens  
 Thu Dec 14 2017 01:48:04 GMT+0530 (IST)
[debug] [2017-12-13T20:18:05.652Z] <<< HTTP RESPONSE 200
[info] 
[info] === Deploying to 'everynote-1e6a4'...
[info] 
[info] i  deploying database, hosting
[info] ✔  database: rules ready to deploy.
[info] i  hosting: preparing build directory for upload...
[debug] [2017-12-13T20:18:07.870Z] >>> HTTP REQUEST PUT https://deploy.firebase.com/v1/hosting/everynote-1e6a4/uploads/-L0GWjGeilDe6SzxyvDV?fileCount=25&message=  
 Thu Dec 14 2017 01:48:07 GMT+0530 (IST)
